Added Component: Designator=C1(5x11 Radial Capacitor)
Added Component: Designator=C2(C_1206)
Added Component: Designator=C3(C_1206)
Added Component: Designator=C4(C_1206)
Added Component: Designator=C5(C_1206)
Added Component: Designator=C6(C_1206)
Added Component: Designator=C7(C_1206)
Added Component: Designator=C8(C_1206)
Added Component: Designator=D1(LED_0805)
Added Component: Designator=D2(LED_0805)
Added Component: Designator=J1(PinHeader_1x10Pin_2.54mm)
Added Component: Designator=J2(PinHeader_1x10Pin_2.54mm)
Added Component: Designator=J3(Mini_USB)
Added Component: Designator=U1(Xbee ProS2C)
Added Component: Designator=U2(SSOP-28Pin)
Added Component: Designator=U3(NCP1117 3.3V)
Added Pin To Net: NetName=3.3V Pin=U3-2
Added Net: Name=3.3V
Added Pin To Net: NetName=CTS Pin=J2-9
Added Pin To Net: NetName=CTS Pin=U1-12
Added Pin To Net: NetName=CTS Pin=U2-11
Added Net: Name=CTS
Added Pin To Net: NetName=DIO0 Pin=J2-1
Added Pin To Net: NetName=DIO0 Pin=U1-20
Added Net: Name=DIO0
Added Pin To Net: NetName=DIO1 Pin=J2-2
Added Pin To Net: NetName=DIO1 Pin=U1-19
Added Net: Name=DIO1
Added Pin To Net: NetName=DIO2 Pin=J2-3
Added Pin To Net: NetName=DIO2 Pin=U1-18
Added Net: Name=DIO2
Added Pin To Net: NetName=DIO3 Pin=J2-4
Added Pin To Net: NetName=DIO3 Pin=U1-17
Added Net: Name=DIO3
Added Pin To Net: NetName=DIO4 Pin=J2-10
Added Pin To Net: NetName=DIO4 Pin=U1-11
Added Net: Name=DIO4
Added Pin To Net: NetName=DIO5 Pin=J2-6
Added Pin To Net: NetName=DIO5 Pin=U1-15
Added Net: Name=DIO5
Added Pin To Net: NetName=DIO9 Pin=J2-8
Added Pin To Net: NetName=DIO9 Pin=U1-13
Added Net: Name=DIO9
Added Pin To Net: NetName=DIO11 Pin=J1-7
Added Pin To Net: NetName=DIO11 Pin=U1-7
Added Net: Name=DIO11
Added Pin To Net: NetName=DIO12 Pin=J1-4
Added Pin To Net: NetName=DIO12 Pin=U1-4
Added Net: Name=DIO12
Added Pin To Net: NetName=DTR Pin=J1-9
Added Pin To Net: NetName=DTR Pin=U1-9
Added Pin To Net: NetName=DTR Pin=U2-2
Added Net: Name=DTR
Added Pin To Net: NetName=GND Pin=J1-10
Added Pin To Net: NetName=GND Pin=J3-5
Added Pin To Net: NetName=GND Pin=U1-10
Added Pin To Net: NetName=GND Pin=U2-7
Added Pin To Net: NetName=GND Pin=U2-18
Added Pin To Net: NetName=GND Pin=U2-21
Added Pin To Net: NetName=GND Pin=U2-25
Added Pin To Net: NetName=GND Pin=U2-26
Added Pin To Net: NetName=GND Pin=U3-1
Added Net: Name=GND
Added Pin To Net: NetName=NetC8_7 Pin=U2-4
Added Pin To Net: NetName=NetC8_7 Pin=U2-17
Added Net: Name=NetC8_7
Added Net: Name=NetD1_9
Added Net: Name=NetD2_9
Added Pin To Net: NetName=RES Pin=J1-8
Added Pin To Net: NetName=RES Pin=U1-8
Added Net: Name=RES
Added Pin To Net: NetName=RSSI Pin=J1-6
Added Pin To Net: NetName=RSSI Pin=U1-6
Added Net: Name=RSSI
Added Pin To Net: NetName=RST Pin=J1-5
Added Pin To Net: NetName=RST Pin=U1-5
Added Net: Name=RST
Added Pin To Net: NetName=RTS Pin=J2-5
Added Pin To Net: NetName=RTS Pin=U1-16
Added Pin To Net: NetName=RTS Pin=U2-3
Added Net: Name=RTS
Added Pin To Net: NetName=RX Pin=J1-3
Added Pin To Net: NetName=RX Pin=U1-3
Added Pin To Net: NetName=RX Pin=U2-1
Added Net: Name=RX
Added Pin To Net: NetName=TX Pin=J1-2
Added Pin To Net: NetName=TX Pin=U1-2
Added Pin To Net: NetName=TX Pin=U2-5
Added Net: Name=TX
Added Pin To Net: NetName=USBDM Pin=J3-2
Added Pin To Net: NetName=USBDM Pin=U2-16
Added Net: Name=USBDM
Added Pin To Net: NetName=USBDP Pin=J3-3
Added Pin To Net: NetName=USBDP Pin=U2-15
Added Net: Name=USBDP
Added Pin To Net: NetName=VBUS Pin=J3-1
Added Pin To Net: NetName=VBUS Pin=U2-20
Added Pin To Net: NetName=VBUS Pin=U3-3
Added Net: Name=VBUS
Added Pin To Net: NetName=VDD Pin=J1-1
Added Pin To Net: NetName=VDD Pin=U1-1
Added Net: Name=VDD
Added Pin To Net: NetName=VREF Pin=J2-7
Added Pin To Net: NetName=VREF Pin=U1-14
Added Net: Name=VREF
Added Class: Name=Xbee_Coordinator
Added Room: Name=Xbee_Coordinator
