Added Component: Designator=C2(C_1206)
Added Component: Designator=C3(C_1206)
Added Component: Designator=C4(C_1206)
Added Component: Designator=C5(C_1206)
Added Component: Designator=C6(C_1206)
Added Component: Designator=C7(C_1206)
Added Component: Designator=C8(C_1206)
Added Component: Designator=C?(5x11 Radial Capacitor)
Added Component: Designator=D1(LED_0805)
Added Component: Designator=D2(LED_0805)
Added Component: Designator=J1(PinHeader_1x10Pin_2.54mm)
Added Component: Designator=J2(PinHeader_1x10Pin_2.54mm)
Added Component: Designator=J3(Mini_USB)
Added Component: Designator=J4(Header 1x10 2mm)
Added Component: Designator=J5(Header 1x10 2mm)
Added Component: Designator=R1(R_1206)
Added Component: Designator=R2(R_1206)
Added Component: Designator=U2(SSOP-28Pin)
Added Component: Designator=U3(NCP1117 3.3V)
Added Pin To Net: NetName=VBUS Pin=C?-1
Added Pin To Net: NetName=GND Pin=C?-2
Added Pin To Net: NetName=VDD Pin=J1-1
Added Pin To Net: NetName=TX Pin=J1-2
Added Pin To Net: NetName=RX Pin=J1-3
Added Pin To Net: NetName=DIO12 Pin=J1-4
Added Pin To Net: NetName=RST Pin=J1-5
Added Pin To Net: NetName=RSSI Pin=J1-6
Added Pin To Net: NetName=DIO11 Pin=J1-7
Added Pin To Net: NetName=RES Pin=J1-8
Added Pin To Net: NetName=DTR Pin=J1-9
Added Pin To Net: NetName=GND Pin=J1-10
Added Pin To Net: NetName=DIO0 Pin=J2-1
Added Pin To Net: NetName=DIO1 Pin=J2-2
Added Pin To Net: NetName=DIO2 Pin=J2-3
Added Pin To Net: NetName=DIO3 Pin=J2-4
Added Pin To Net: NetName=RTS Pin=J2-5
Added Pin To Net: NetName=DIO5 Pin=J2-6
Added Pin To Net: NetName=VREF Pin=J2-7
Added Pin To Net: NetName=DIO9 Pin=J2-8
Added Pin To Net: NetName=CTS Pin=J2-9
Added Pin To Net: NetName=DIO4 Pin=J2-10
Added Pin To Net: NetName=VBUS Pin=J3-1
Added Pin To Net: NetName=USBDM Pin=J3-2
Added Pin To Net: NetName=USBDP Pin=J3-3
Added Pin To Net: NetName=GND Pin=J3-5
Added Pin To Net: NetName=VDD Pin=J4-1
Added Pin To Net: NetName=TX Pin=J4-2
Added Pin To Net: NetName=RX Pin=J4-3
Added Pin To Net: NetName=DIO12 Pin=J4-4
Added Pin To Net: NetName=RST Pin=J4-5
Added Pin To Net: NetName=RSSI Pin=J4-6
Added Pin To Net: NetName=DIO11 Pin=J4-7
Added Pin To Net: NetName=RES Pin=J4-8
Added Pin To Net: NetName=DTR Pin=J4-9
Added Pin To Net: NetName=GND Pin=J4-10
Added Pin To Net: NetName=DIO0 Pin=J5-1
Added Pin To Net: NetName=DIO1 Pin=J5-2
Added Pin To Net: NetName=DIO2 Pin=J5-3
Added Pin To Net: NetName=DIO3 Pin=J5-4
Added Pin To Net: NetName=RTS Pin=J5-5
Added Pin To Net: NetName=DIO5 Pin=J5-6
Added Pin To Net: NetName=VREF Pin=J5-7
Added Pin To Net: NetName=DIO9 Pin=J5-8
Added Pin To Net: NetName=CTS Pin=J5-9
Added Pin To Net: NetName=DIO4 Pin=J5-10
Added Pin To Net: NetName=RX Pin=U2-1
Added Pin To Net: NetName=DTR Pin=U2-2
Added Pin To Net: NetName=RTS Pin=U2-3
Added Pin To Net: NetName=NetC8_7 Pin=U2-4
Added Pin To Net: NetName=TX Pin=U2-5
Added Pin To Net: NetName=GND Pin=U2-7
Added Pin To Net: NetName=CTS Pin=U2-11
Added Pin To Net: NetName=USBDP Pin=U2-15
Added Pin To Net: NetName=USBDM Pin=U2-16
Added Pin To Net: NetName=NetC8_7 Pin=U2-17
Added Pin To Net: NetName=GND Pin=U2-18
Added Pin To Net: NetName=VBUS Pin=U2-20
Added Pin To Net: NetName=GND Pin=U2-21
Added Pin To Net: NetName=GND Pin=U2-25
Added Pin To Net: NetName=GND Pin=U2-26
Added Pin To Net: NetName=GND Pin=U3-1
Added Pin To Net: NetName=3.3V Pin=U3-2
Added Pin To Net: NetName=VBUS Pin=U3-3
Added Member To Class: ClassName=Xbee_Coordinator Member=Component C2 10uF
Added Member To Class: ClassName=Xbee_Coordinator Member=Component C3 1uF
Added Member To Class: ClassName=Xbee_Coordinator Member=Component C4 0.1uF
Added Member To Class: ClassName=Xbee_Coordinator Member=Component C5 0.1uF
Added Member To Class: ClassName=Xbee_Coordinator Member=Component C6 1uF
Added Member To Class: ClassName=Xbee_Coordinator Member=Component C7 10uF
Added Member To Class: ClassName=Xbee_Coordinator Member=Component C8 0.1uF
Added Member To Class: ClassName=Xbee_Coordinator Member=Component C? 10uF
Added Member To Class: ClassName=Xbee_Coordinator Member=Component D1 LED_0805
Added Member To Class: ClassName=Xbee_Coordinator Member=Component D2 LED_0805
Added Member To Class: ClassName=Xbee_Coordinator Member=Component J1 Pin_Header_1x10Pos_2.54mm
Added Member To Class: ClassName=Xbee_Coordinator Member=Component J2 Pin_Header_1x10Pos_2.54mm
Added Member To Class: ClassName=Xbee_Coordinator Member=Component J3 Mini_USB
Added Member To Class: ClassName=Xbee_Coordinator Member=Component J4 Header_1x10_2mm
Added Member To Class: ClassName=Xbee_Coordinator Member=Component J5 Header_1x10_2mm
Added Member To Class: ClassName=Xbee_Coordinator Member=Component R1 470
Added Member To Class: ClassName=Xbee_Coordinator Member=Component R2 1K
Added Member To Class: ClassName=Xbee_Coordinator Member=Component U2 FT232RL
Added Member To Class: ClassName=Xbee_Coordinator Member=Component U3 NCP1117 3.3V
Added Room: Name=Xbee_Coordinator
