Removed Pin From Net: NetName=NetC8_7 Pin=U2-4
Removed Pin From Net: NetName=NetC8_7 Pin=U2-17
Change Component Designator: OldDesignator=C? NewDesignator=C1
Change Component Designator: OldDesignator=J1 NewDesignator=J3
Change Component Designator: OldDesignator=J2 NewDesignator=J4
Change Component Designator: OldDesignator=J3 NewDesignator=J5
Change Component Designator: OldDesignator=J4 NewDesignator=J1
Change Component Designator: OldDesignator=J5 NewDesignator=J2
Change Component Designator: OldDesignator=U2 NewDesignator=U1
Change Component Designator: OldDesignator=U3 NewDesignator=U2
Added Pin To Net: NetName=GND Pin=C2-1
Added Pin To Net: NetName=VBUS Pin=C2-2
Added Pin To Net: NetName=GND Pin=C3-1
Added Pin To Net: NetName=VBUS Pin=C3-2
Added Pin To Net: NetName=GND Pin=C4-1
Added Pin To Net: NetName=VBUS Pin=C4-2
Added Pin To Net: NetName=GND Pin=C5-1
Added Pin To Net: NetName=3.3V Pin=C5-2
Added Pin To Net: NetName=GND Pin=C6-1
Added Pin To Net: NetName=3.3V Pin=C6-2
Added Pin To Net: NetName=GND Pin=C7-1
Added Pin To Net: NetName=3.3V Pin=C7-2
Added Pin To Net: NetName=NetD2_9 Pin=C8-2
Added Pin To Net: NetName=NetD1_9 Pin=D1-1
Added Pin To Net: NetName=GND Pin=D1-2
Added Pin To Net: NetName=NetC8_7 Pin=D2-1
Added Pin To Net: NetName=GND Pin=D2-2
Added Pin To Net: NetName=NetD2_9 Pin=U1-4
Added Pin To Net: NetName=NetD2_9 Pin=U1-17
Change Net Name : Old Net Name=NetC8_7 New Net Name=NetD2_1
Change Net Name : Old Net Name=NetD1_9 New Net Name=NetD1_1
Change Net Name : Old Net Name=NetD2_9 New Net Name=NetC8_2
Added Room: Name=Xbee_Coordinator
