Removed Pin From Net: NetName=VDD Pin=U1-1
Removed Pin From Net: NetName=TX Pin=U1-2
Removed Pin From Net: NetName=RX Pin=U1-3
Removed Pin From Net: NetName=DIO12 Pin=U1-4
Removed Pin From Net: NetName=RST Pin=U1-5
Removed Pin From Net: NetName=RSSI Pin=U1-6
Removed Pin From Net: NetName=DIO11 Pin=U1-7
Removed Pin From Net: NetName=RES Pin=U1-8
Removed Pin From Net: NetName=DTR Pin=U1-9
Removed Pin From Net: NetName=GND Pin=U1-10
Removed Pin From Net: NetName=DIO4 Pin=U1-11
Removed Pin From Net: NetName=CTS Pin=U1-12
Removed Pin From Net: NetName=DIO9 Pin=U1-13
Removed Pin From Net: NetName=VREF Pin=U1-14
Removed Pin From Net: NetName=DIO5 Pin=U1-15
Removed Pin From Net: NetName=RTS Pin=U1-16
Removed Pin From Net: NetName=DIO3 Pin=U1-17
Removed Pin From Net: NetName=DIO2 Pin=U1-18
Removed Pin From Net: NetName=DIO1 Pin=U1-19
Removed Pin From Net: NetName=DIO0 Pin=U1-20
Added Component: Designator=U1(Xbee ProS2C)
Added Pin To Net: NetName=VDD Pin=U1-1
Added Pin To Net: NetName=TX Pin=U1-2
Added Pin To Net: NetName=RX Pin=U1-3
Added Pin To Net: NetName=DIO12 Pin=U1-4
Added Pin To Net: NetName=RST Pin=U1-5
Added Pin To Net: NetName=RSSI Pin=U1-6
Added Pin To Net: NetName=DIO11 Pin=U1-7
Added Pin To Net: NetName=RES Pin=U1-8
Added Pin To Net: NetName=DTR Pin=U1-9
Added Pin To Net: NetName=GND Pin=U1-10
Added Pin To Net: NetName=DIO4 Pin=U1-11
Added Pin To Net: NetName=CTS Pin=U1-12
Added Pin To Net: NetName=DIO9 Pin=U1-13
Added Pin To Net: NetName=VREF Pin=U1-14
Added Pin To Net: NetName=DIO5 Pin=U1-15
Added Pin To Net: NetName=RTS Pin=U1-16
Added Pin To Net: NetName=DIO3 Pin=U1-17
Added Pin To Net: NetName=DIO2 Pin=U1-18
Added Pin To Net: NetName=DIO1 Pin=U1-19
Added Pin To Net: NetName=DIO0 Pin=U1-20
Added Member To Class: ClassName=Xbee_Coordinator Member=Component U1 Xbee Pro S2C
